<?xml version="1.0" encoding="UTF-8"?>
<!-- Generated by org.testng.reporters.JUnitReportReporter -->
<testsuite hostname="LAPTOP-I30L3E0I" failures="0" tests="4" name="TestingKhan.Negativepriority" time="0.035" errors="0" timestamp="2022-11-14T14:29:18 IST" skipped="0">
  <testcase classname="TestingKhan.Negativepriority" name="test2" time="0.014"/>
  <system-out/>
  <testcase classname="TestingKhan.Negativepriority" name="test3" time="0.008"/>
  <system-out/>
  <testcase classname="TestingKhan.Negativepriority" name="test4" time="0.006"/>
  <system-out/>
  <testcase classname="TestingKhan.Negativepriority" name="test1" time="0.007"/>
  <system-out/>
</testsuite> <!-- TestingKhan.Negativepriority -->
