<?xml version="1.0" encoding="UTF-8"?>
<!-- Generated by org.testng.reporters.JUnitReportReporter -->
<testsuite hostname="LAPTOP-I30L3E0I" failures="0" tests="4" name="TestingKhan.DependsOn2" time="0.028" errors="0" timestamp="2022-11-14T15:03:37 IST" skipped="0">
  <testcase classname="TestingKhan.DependsOn2" name="test3" time="0.012"/>
  <system-out/>
  <testcase classname="TestingKhan.DependsOn2" name="test2" time="0.007"/>
  <system-out/>
  <testcase classname="TestingKhan.DependsOn2" name="test4" time="0.004"/>
  <system-out/>
  <testcase classname="TestingKhan.DependsOn2" name="test1" time="0.005"/>
  <system-out/>
</testsuite> <!-- TestingKhan.DependsOn2 -->
