<?xml version="1.0" encoding="UTF-8"?>
<!-- Generated by org.testng.reporters.JUnitReportReporter -->
<testsuite hostname="LAPTOP-I30L3E0I" failures="0" tests="3" name="TestingKhan.InvocationCount2" time="0.024" errors="0" timestamp="2022-11-14T14:39:04 IST" skipped="0">
  <testcase classname="TestingKhan.InvocationCount2" name="test3" time="0.010"/>
  <system-out/>
  <testcase classname="TestingKhan.InvocationCount2" name="test4" time="0.006"/>
  <system-out/>
  <testcase classname="TestingKhan.InvocationCount2" name="test1" time="0.008"/>
  <system-out/>
</testsuite> <!-- TestingKhan.InvocationCount2 -->
