<?xml version="1.0" encoding="UTF-8"?>
<!-- Generated by org.testng.reporters.JUnitReportReporter -->
<testsuite hostname="LAPTOP-I30L3E0I" failures="0" tests="4" name="TestingKhan.Enabled" time="0.022" errors="0" timestamp="2022-11-14T15:07:48 IST" skipped="1">
  <testcase classname="TestingKhan.Enabled" name="test1" time="0.012"/>
  <system-out/>
  <testcase classname="TestingKhan.Enabled" name="test2" time="0.007"/>
  <system-out/>
  <testcase classname="TestingKhan.Enabled" name="test4" time="0.003"/>
  <system-out/>
  <testcase classname="TestingKhan.Enabled" name="test3">
    <skipped/>
  </testcase> <!-- test3 -->
  <system-out/>
</testsuite> <!-- TestingKhan.Enabled -->
