<?xml version="1.0" encoding="UTF-8"?>
<!-- Generated by org.testng.reporters.JUnitReportReporter -->
<testsuite hostname="LAPTOP-I30L3E0I" failures="0" tests="5" name="TestingKhan.InvocationCount" time="0.037" errors="0" timestamp="2022-11-14T14:37:34 IST" skipped="0">
  <testcase classname="TestingKhan.InvocationCount" name="test3" time="0.012"/>
  <system-out/>
  <testcase classname="TestingKhan.InvocationCount" name="test2" time="0.009"/>
  <system-out/>
  <testcase classname="TestingKhan.InvocationCount" name="test2" time="0.005"/>
  <system-out/>
  <testcase classname="TestingKhan.InvocationCount" name="test4" time="0.007"/>
  <system-out/>
  <testcase classname="TestingKhan.InvocationCount" name="test1" time="0.004"/>
  <system-out/>
</testsuite> <!-- TestingKhan.InvocationCount -->
