<?xml version="1.0" encoding="UTF-8"?>
<!-- Generated by org.testng.reporters.JUnitReportReporter -->
<testsuite hostname="LAPTOP-I30L3E0I" failures="0" tests="4" name="TestingKhan.CrossTest" time="27.284" errors="0" timestamp="2022-11-23T19:00:46 IST" skipped="0">
  <testcase classname="TestingKhan.CrossTest" name="test2" time="3.832"/>
  <system-out/>
  <testcase classname="TestingKhan.CrossTest" name="test" time="5.811"/>
  <system-out/>
  <testcase classname="TestingKhan.CrossTest" name="test2" time="11.089"/>
  <system-out/>
  <testcase classname="TestingKhan.CrossTest" name="test" time="6.552"/>
  <system-out/>
</testsuite> <!-- TestingKhan.CrossTest -->
