<?xml version="1.0" encoding="UTF-8"?>
<!-- Generated by org.testng.reporters.JUnitReportReporter -->
<testsuite hostname="LAPTOP-I30L3E0I" failures="0" tests="1" name="TestingKhan.TestTestNG" time="0.005" errors="0" timestamp="2022-11-22T22:00:29 IST" skipped="0">
  <testcase classname="TestingKhan.TestTestNG" name="test" time="0.005"/>
  <system-out/>
</testsuite> <!-- TestingKhan.TestTestNG -->
