<?xml version="1.0" encoding="UTF-8"?>
<!-- Generated by org.testng.reporters.JUnitReportReporter -->
<testsuite hostname="LAPTOP-I30L3E0I" failures="0" tests="2" name="TestingKhan.DependsOn" time="0.024" errors="0" timestamp="2022-11-14T14:44:38 IST" skipped="0">
  <testcase classname="TestingKhan.DependsOn" name="test3" time="0.010"/>
  <system-out/>
  <testcase classname="TestingKhan.DependsOn" name="test2" time="0.014"/>
  <system-out/>
</testsuite> <!-- TestingKhan.DependsOn -->
