<?xml version="1.0" encoding="UTF-8"?>
<!-- Generated by org.testng.reporters.JUnitReportReporter -->
<testsuite hostname="LAPTOP-I30L3E0I" failures="0" tests="4" name="TestingKhan.Default" time="0.033" errors="0" timestamp="2022-11-14T14:31:17 IST" skipped="0">
  <testcase classname="TestingKhan.Default" name="test4" time="0.010"/>
  <system-out/>
  <testcase classname="TestingKhan.Default" name="test3" time="0.010"/>
  <system-out/>
  <testcase classname="TestingKhan.Default" name="test2" time="0.007"/>
  <system-out/>
  <testcase classname="TestingKhan.Default" name="test1" time="0.006"/>
  <system-out/>
</testsuite> <!-- TestingKhan.Default -->
