<?xml version="1.0" encoding="UTF-8"?>
<!-- Generated by org.testng.reporters.JUnitReportReporter -->
<testsuite hostname="LAPTOP-I30L3E0I" failures="0" tests="4" name="TestingKhan.NormalPriority" time="0.021" errors="0" timestamp="2022-11-14T15:14:12 IST" skipped="0">
  <testcase classname="TestingKhan.NormalPriority" name="test3" time="0.008"/>
  <system-out/>
  <testcase classname="TestingKhan.NormalPriority" name="test2" time="0.004"/>
  <system-out/>
  <testcase classname="TestingKhan.NormalPriority" name="test4" time="0.004"/>
  <system-out/>
  <testcase classname="TestingKhan.NormalPriority" name="test1" time="0.005"/>
  <system-out/>
</testsuite> <!-- TestingKhan.NormalPriority -->
