<?xml version="1.0" encoding="UTF-8"?>
<!-- Generated by org.testng.reporters.JUnitReportReporter -->
<testsuite hostname="LAPTOP-I30L3E0I" failures="0" tests="4" name="TestingKhan.TimeOut" time="2.027" errors="0" timestamp="2022-11-14T15:12:01 IST" skipped="0">
  <testcase classname="TestingKhan.TimeOut" name="test3" time="2.013"/>
  <system-out/>
  <testcase classname="TestingKhan.TimeOut" name="test2" time="0.005"/>
  <system-out/>
  <testcase classname="TestingKhan.TimeOut" name="test4" time="0.003"/>
  <system-out/>
  <testcase classname="TestingKhan.TimeOut" name="test1" time="0.006"/>
  <system-out/>
</testsuite> <!-- TestingKhan.TimeOut -->
