<?xml version="1.0" encoding="UTF-8"?>
<!-- Generated by org.testng.reporters.JUnitReportReporter -->
<testsuite hostname="LAPTOP-I30L3E0I" failures="0" tests="4" name="TestingKhan.AlphaPriority" time="0.032" errors="0" timestamp="2022-11-14T14:35:28 IST" skipped="0">
  <testcase classname="TestingKhan.AlphaPriority" name="test3" time="0.004"/>
  <system-out/>
  <testcase classname="TestingKhan.AlphaPriority" name="test2" time="0.018"/>
  <system-out/>
  <testcase classname="TestingKhan.AlphaPriority" name="test4" time="0.004"/>
  <system-out/>
  <testcase classname="TestingKhan.AlphaPriority" name="test1" time="0.006"/>
  <system-out/>
</testsuite> <!-- TestingKhan.AlphaPriority -->
